2024-12-03 18:44:19,602 - DEBUG - Using proactor: IocpProactor
2024-12-03 18:44:19,602 - DEBUG - Starting new HTTPS connection (1): web.dio.me:443
2024-12-03 18:44:19,868 - DEBUG - https://web.dio.me:443 "GET /articles/programa-em-python-para-automacao-de-pesquisas-no-edge?back=%2Fhome&page=1&order=oldest HTTP/11" 404 7297
2024-12-03 18:44:19,868 - ERROR - Falha na verificação de conectividade com a internet.
2024-12-03 18:51:07,741 - DEBUG - Using proactor: IocpProactor
2024-12-03 18:51:07,741 - DEBUG - Starting new HTTPS connection (1): web.dio.me:443
2024-12-03 18:51:07,819 - DEBUG - https://web.dio.me:443 "GET /articles/programa-em-python-para-automacao-de-pesquisas-no-edge?back=%2Fhome&page=1&order=oldest HTTP/11" 404 7297
2024-12-03 18:51:07,819 - ERROR - Falha na verificação de conectividade com a internet.
2024-12-03 18:53:51,994 - DEBUG - Using proactor: IocpProactor
2024-12-03 18:53:51,994 - DEBUG - Starting new HTTPS connection (1): web.dio.me:443
2024-12-03 18:53:52,057 - DEBUG - https://web.dio.me:443 "GET /articles/programa-em-python-para-automacao-de-pesquisas-no-edge?back=%2Fhome&page=1&order=oldest HTTP/11" 404 7297
2024-12-03 18:53:52,057 - ERROR - Falha na verificação de conectividade com a internet.
2024-12-03 18:57:56,306 - DEBUG - Using proactor: IocpProactor
2024-12-03 18:57:56,322 - DEBUG - Starting new HTTPS connection (1): web.dio.me:443
2024-12-03 18:57:56,400 - DEBUG - https://web.dio.me:443 "GET /articles/programa-em-python-para-automacao-de-pesquisas-no-edge?back=%2Fhome&page=1&order=oldest HTTP/11" 404 7297
2024-12-03 18:57:56,400 - ERROR - Falha na verificação de conectividade com a internet.
2024-12-03 18:58:02,914 - DEBUG - Using proactor: IocpProactor
2024-12-03 18:58:02,914 - DEBUG - Starting new HTTPS connection (1): web.dio.me:443
2024-12-03 18:58:02,964 - DEBUG - https://web.dio.me:443 "GET /articles/programa-em-python-para-automacao-de-pesquisas-no-edge?back=%2Fhome&page=1&order=oldest HTTP/11" 404 7297
2024-12-03 18:58:02,980 - ERROR - Falha na verificação de conectividade com a internet.
2024-12-03 18:59:38,029 - DEBUG - Using proactor: IocpProactor
2024-12-03 18:59:38,029 - DEBUG - Starting new HTTPS connection (1): web.dio.me:443
2024-12-03 18:59:38,107 - DEBUG - https://web.dio.me:443 "GET /articles/programa-em-python-para-automacao-de-pesquisas-no-edge?back=%2Fhome&page=1&order=oldest HTTP/11" 404 7297
2024-12-03 18:59:38,107 - ERROR - Falha na verificação de conectividade com a internet.
2024-12-03 19:02:58,604 - DEBUG - Using proactor: IocpProactor
2024-12-03 19:02:58,619 - DEBUG - Starting new HTTPS connection (1): web.dio.me:443
2024-12-03 19:02:58,682 - DEBUG - https://web.dio.me:443 "GET /articles/programa-em-python-para-automacao-de-pesquisas-no-edge?back=%2Fhome&page=1&order=oldest HTTP/11" 404 7297
2024-12-03 19:02:58,682 - WARNING - Conectividade com https://web.dio.me/articles/programa-em-python-para-automacao-de-pesquisas-no-edge?back=%2Fhome&page=1&order=oldest falhou. Status code: 404
2024-12-03 19:02:58,682 - ERROR - Falha na verificação de conectividade com a internet.
2024-12-03 19:05:25,548 - DEBUG - Using proactor: IocpProactor
2024-12-03 19:05:25,548 - DEBUG - Starting new HTTPS connection (1): web.dio.me:443
2024-12-03 19:05:25,626 - DEBUG - https://web.dio.me:443 "GET /articles/programa-em-python-para-automacao-de-pesquisas-no-edge?back=%2Fhome&page=1&order=oldest HTTP/11" 404 7297
2024-12-03 19:05:25,626 - WARNING - Conectividade com https://web.dio.me/articles/programa-em-python-para-automacao-de-pesquisas-no-edge?back=%2Fhome&page=1&order=oldest falhou. Status code: 404
2024-12-03 19:05:25,626 - ERROR - Falha na verificação de conectividade com a internet.
2024-12-03 19:07:23,049 - DEBUG - Using proactor: IocpProactor
2024-12-03 19:07:23,049 - DEBUG - Starting new HTTPS connection (1): web.dio.me:443
2024-12-03 19:07:23,315 - DEBUG - https://web.dio.me:443 "GET /articles/programa-em-python-para-automacao-de-pesquisas-no-edge?back=%2Fhome&page=1&order=oldest HTTP/11" 404 7297
2024-12-03 19:07:23,315 - WARNING - Conectividade com https://web.dio.me/articles/programa-em-python-para-automacao-de-pesquisas-no-edge?back=%2Fhome&page=1&order=oldest falhou. Status code: 404
2024-12-03 19:07:23,315 - ERROR - Falha na verificação de conectividade com a internet.
2024-12-03 19:11:37,418 - DEBUG - Using proactor: IocpProactor
2024-12-03 19:11:37,418 - DEBUG - Starting new HTTPS connection (1): web.dio.me:443
2024-12-03 19:11:37,481 - DEBUG - https://web.dio.me:443 "GET /articles/programa-em-python-para-automacao-de-pesquisas-no-edge?back=%2Fhome&page=1&order=oldest HTTP/11" 404 7297
2024-12-03 19:11:37,481 - WARNING - Conectividade com https://web.dio.me/articles/programa-em-python-para-automacao-de-pesquisas-no-edge?back=%2Fhome&page=1&order=oldest falhou. Status code: 404
2024-12-03 19:11:37,481 - ERROR - Falha na verificação de conectividade com a internet.
2024-12-03 19:11:47,218 - INFO - Programa encerrado.
2024-12-03 19:13:42,262 - DEBUG - Using proactor: IocpProactor
2024-12-03 19:13:44,584 - INFO - Navegador Edge aberto com sucesso.
2024-12-03 19:14:19,162 - INFO - Página acessada: https://web.dio.me/articles/programa-em-python-para-automacao-de-pesquisas-no-edge?back=%2Fhome&page=1&order=oldest
2024-12-03 19:15:14,578 - DEBUG - Using proactor: IocpProactor
2024-12-03 19:15:16,886 - INFO - Navegador Edge aberto com sucesso.
2024-12-03 19:15:31,525 - INFO - Página acessada: https://web.dio.me/articles/programa-em-python-para-automacao-de-pesquisas-no-edge?back=%2Fhome&page=1&order=oldest
2024-12-03 19:15:40,728 - INFO - Cache e histórico de navegação limpos.
2024-12-03 19:15:51,193 - INFO - Página acessada: https://web.dio.me/articles/programa-em-python-para-automacao-de-pesquisas-no-edge?back=%2Fhome&page=1&order=oldest
2024-12-03 19:16:00,396 - INFO - Cache e histórico de navegação limpos.
2024-12-03 19:16:10,845 - INFO - Página acessada: https://web.dio.me/articles/programa-em-python-para-automacao-de-pesquisas-no-edge?back=%2Fhome&page=1&order=oldest
2024-12-03 19:16:20,048 - INFO - Cache e histórico de navegação limpos.
2024-12-03 19:16:30,497 - INFO - Página acessada: https://web.dio.me/articles/programa-em-python-para-automacao-de-pesquisas-no-edge?back=%2Fhome&page=1&order=oldest
2024-12-03 19:16:39,700 - INFO - Cache e histórico de navegação limpos.
2024-12-03 19:16:50,150 - INFO - Página acessada: https://web.dio.me/articles/programa-em-python-para-automacao-de-pesquisas-no-edge?back=%2Fhome&page=1&order=oldest
2024-12-03 19:16:59,352 - INFO - Cache e histórico de navegação limpos.
2024-12-03 19:17:09,802 - INFO - Página acessada: https://web.dio.me/articles/programa-em-python-para-automacao-de-pesquisas-no-edge?back=%2Fhome&page=1&order=oldest
2024-12-03 19:17:19,005 - INFO - Cache e histórico de navegação limpos.
2024-12-03 19:17:29,454 - INFO - Página acessada: https://web.dio.me/articles/programa-em-python-para-automacao-de-pesquisas-no-edge?back=%2Fhome&page=1&order=oldest
2024-12-03 19:17:38,657 - INFO - Cache e histórico de navegação limpos.
2024-12-03 19:17:49,106 - INFO - Página acessada: https://web.dio.me/articles/programa-em-python-para-automacao-de-pesquisas-no-edge?back=%2Fhome&page=1&order=oldest
2024-12-03 19:17:58,309 - INFO - Cache e histórico de navegação limpos.
2024-12-03 19:18:08,806 - INFO - Página acessada: https://web.dio.me/articles/programa-em-python-para-automacao-de-pesquisas-no-edge?back=%2Fhome&page=1&order=oldest
2024-12-03 19:18:42,619 - DEBUG - Using proactor: IocpProactor
2024-12-03 19:18:44,940 - INFO - Navegador Edge aberto com sucesso.
2024-12-03 19:18:57,007 - INFO - Página acessada: https://web.dio.me/articles/programa-em-python-para-automacao-de-pesquisas-no-edge?back=%2Fhome&page=1&order=oldest
2024-12-03 19:19:06,211 - INFO - Cache e histórico de navegação limpos.
2024-12-03 19:19:16,661 - INFO - Página acessada: https://web.dio.me/articles/programa-em-python-para-automacao-de-pesquisas-no-edge?back=%2Fhome&page=1&order=oldest
2024-12-03 19:19:25,865 - INFO - Cache e histórico de navegação limpos.
2024-12-03 19:19:36,315 - INFO - Página acessada: https://web.dio.me/articles/programa-em-python-para-automacao-de-pesquisas-no-edge?back=%2Fhome&page=1&order=oldest
2024-12-03 19:19:45,518 - INFO - Cache e histórico de navegação limpos.
2024-12-03 19:19:55,968 - INFO - Página acessada: https://web.dio.me/articles/programa-em-python-para-automacao-de-pesquisas-no-edge?back=%2Fhome&page=1&order=oldest
2024-12-03 19:20:05,171 - INFO - Cache e histórico de navegação limpos.
2024-12-03 19:20:15,622 - INFO - Página acessada: https://web.dio.me/articles/programa-em-python-para-automacao-de-pesquisas-no-edge?back=%2Fhome&page=1&order=oldest
2024-12-03 19:20:24,825 - INFO - Cache e histórico de navegação limpos.
2024-12-03 19:20:35,275 - INFO - Página acessada: https://web.dio.me/articles/programa-em-python-para-automacao-de-pesquisas-no-edge?back=%2Fhome&page=1&order=oldest
2024-12-03 19:20:44,479 - INFO - Cache e histórico de navegação limpos.
2024-12-03 19:20:54,928 - INFO - Página acessada: https://web.dio.me/articles/programa-em-python-para-automacao-de-pesquisas-no-edge?back=%2Fhome&page=1&order=oldest
2024-12-03 19:21:04,132 - INFO - Cache e histórico de navegação limpos.
2024-12-03 19:21:14,582 - INFO - Página acessada: https://web.dio.me/articles/programa-em-python-para-automacao-de-pesquisas-no-edge?back=%2Fhome&page=1&order=oldest
2024-12-03 19:21:23,786 - INFO - Cache e histórico de navegação limpos.
2024-12-03 19:21:34,235 - INFO - Página acessada: https://web.dio.me/articles/programa-em-python-para-automacao-de-pesquisas-no-edge?back=%2Fhome&page=1&order=oldest
2024-12-03 19:21:43,438 - INFO - Cache e histórico de navegação limpos.
2024-12-03 19:21:53,887 - INFO - Página acessada: https://web.dio.me/articles/programa-em-python-para-automacao-de-pesquisas-no-edge?back=%2Fhome&page=1&order=oldest
2024-12-03 19:22:03,091 - INFO - Cache e histórico de navegação limpos.
2024-12-03 19:22:03,091 - INFO - Automação concluída com sucesso.
2024-12-03 19:23:52,119 - INFO - Programa encerrado.
2024-12-03 19:24:30,827 - DEBUG - Using proactor: IocpProactor
2024-12-03 19:24:33,147 - INFO - Navegador Edge aberto com sucesso.
2024-12-03 19:24:49,360 - INFO - Página acessada: https://web.dio.me/articles/programa-em-python-para-automacao-de-pesquisas-no-edge?back=%2Fhome&page=1&order=oldest
2024-12-03 19:24:58,563 - INFO - Cache e histórico de navegação limpos.
2024-12-03 19:25:09,012 - INFO - Página acessada: https://web.dio.me/articles/programa-em-python-para-automacao-de-pesquisas-no-edge?back=%2Fhome&page=1&order=oldest
2024-12-03 19:25:18,215 - INFO - Cache e histórico de navegação limpos.
2024-12-03 19:25:28,666 - INFO - Página acessada: https://web.dio.me/articles/programa-em-python-para-automacao-de-pesquisas-no-edge?back=%2Fhome&page=1&order=oldest
2024-12-03 19:25:37,869 - INFO - Cache e histórico de navegação limpos.
2024-12-03 19:25:48,318 - INFO - Página acessada: https://web.dio.me/articles/programa-em-python-para-automacao-de-pesquisas-no-edge?back=%2Fhome&page=1&order=oldest
2024-12-03 19:25:57,521 - INFO - Cache e histórico de navegação limpos.
2024-12-03 19:26:07,971 - INFO - Página acessada: https://web.dio.me/articles/programa-em-python-para-automacao-de-pesquisas-no-edge?back=%2Fhome&page=1&order=oldest
2024-12-03 19:26:17,174 - INFO - Cache e histórico de navegação limpos.
2024-12-03 19:26:27,624 - INFO - Página acessada: https://web.dio.me/articles/programa-em-python-para-automacao-de-pesquisas-no-edge?back=%2Fhome&page=1&order=oldest
2024-12-03 19:26:36,827 - INFO - Cache e histórico de navegação limpos.
2024-12-03 19:26:47,291 - INFO - Página acessada: https://web.dio.me/articles/programa-em-python-para-automacao-de-pesquisas-no-edge?back=%2Fhome&page=1&order=oldest
2024-12-03 19:26:56,494 - INFO - Cache e histórico de navegação limpos.
2024-12-03 19:27:06,944 - INFO - Página acessada: https://web.dio.me/articles/programa-em-python-para-automacao-de-pesquisas-no-edge?back=%2Fhome&page=1&order=oldest
2024-12-03 19:27:16,147 - INFO - Cache e histórico de navegação limpos.
2024-12-03 19:27:26,595 - INFO - Página acessada: https://web.dio.me/articles/programa-em-python-para-automacao-de-pesquisas-no-edge?back=%2Fhome&page=1&order=oldest
2024-12-03 19:27:35,798 - INFO - Cache e histórico de navegação limpos.
2024-12-03 19:27:46,248 - INFO - Página acessada: https://web.dio.me/articles/programa-em-python-para-automacao-de-pesquisas-no-edge?back=%2Fhome&page=1&order=oldest
2024-12-03 19:27:55,451 - INFO - Cache e histórico de navegação limpos.
2024-12-03 19:28:05,901 - INFO - Página acessada: https://web.dio.me/articles/programa-em-python-para-automacao-de-pesquisas-no-edge?back=%2Fhome&page=1&order=oldest
2024-12-03 19:28:15,104 - INFO - Cache e histórico de navegação limpos.
2024-12-03 19:28:25,553 - INFO - Página acessada: https://web.dio.me/articles/programa-em-python-para-automacao-de-pesquisas-no-edge?back=%2Fhome&page=1&order=oldest
2024-12-03 19:28:34,756 - INFO - Cache e histórico de navegação limpos.
2024-12-03 19:28:45,205 - INFO - Página acessada: https://web.dio.me/articles/programa-em-python-para-automacao-de-pesquisas-no-edge?back=%2Fhome&page=1&order=oldest
2024-12-03 19:28:54,408 - INFO - Cache e histórico de navegação limpos.
2024-12-03 19:29:04,857 - INFO - Página acessada: https://web.dio.me/articles/programa-em-python-para-automacao-de-pesquisas-no-edge?back=%2Fhome&page=1&order=oldest
2024-12-03 19:29:14,060 - INFO - Cache e histórico de navegação limpos.
2024-12-03 19:29:24,509 - INFO - Página acessada: https://web.dio.me/articles/programa-em-python-para-automacao-de-pesquisas-no-edge?back=%2Fhome&page=1&order=oldest
2024-12-03 19:29:33,712 - INFO - Cache e histórico de navegação limpos.
2024-12-03 19:29:44,161 - INFO - Página acessada: https://web.dio.me/articles/programa-em-python-para-automacao-de-pesquisas-no-edge?back=%2Fhome&page=1&order=oldest
2024-12-03 19:29:53,364 - INFO - Cache e histórico de navegação limpos.
2024-12-03 19:30:03,814 - INFO - Página acessada: https://web.dio.me/articles/programa-em-python-para-automacao-de-pesquisas-no-edge?back=%2Fhome&page=1&order=oldest
2024-12-03 19:30:13,017 - INFO - Cache e histórico de navegação limpos.
2024-12-03 19:30:23,465 - INFO - Página acessada: https://web.dio.me/articles/programa-em-python-para-automacao-de-pesquisas-no-edge?back=%2Fhome&page=1&order=oldest
2024-12-03 19:30:32,668 - INFO - Cache e histórico de navegação limpos.
2024-12-03 19:30:43,117 - INFO - Página acessada: https://web.dio.me/articles/programa-em-python-para-automacao-de-pesquisas-no-edge?back=%2Fhome&page=1&order=oldest
2024-12-03 19:30:52,335 - INFO - Cache e histórico de navegação limpos.
2024-12-03 19:31:02,784 - INFO - Página acessada: https://web.dio.me/articles/programa-em-python-para-automacao-de-pesquisas-no-edge?back=%2Fhome&page=1&order=oldest
2024-12-03 19:31:11,988 - INFO - Cache e histórico de navegação limpos.
2024-12-03 19:31:22,437 - INFO - Página acessada: https://web.dio.me/articles/programa-em-python-para-automacao-de-pesquisas-no-edge?back=%2Fhome&page=1&order=oldest
2024-12-03 19:31:31,639 - INFO - Cache e histórico de navegação limpos.
2024-12-03 19:31:42,088 - INFO - Página acessada: https://web.dio.me/articles/programa-em-python-para-automacao-de-pesquisas-no-edge?back=%2Fhome&page=1&order=oldest
2024-12-03 19:31:51,292 - INFO - Cache e histórico de navegação limpos.
2024-12-03 19:32:01,740 - INFO - Página acessada: https://web.dio.me/articles/programa-em-python-para-automacao-de-pesquisas-no-edge?back=%2Fhome&page=1&order=oldest
2024-12-03 19:32:10,944 - INFO - Cache e histórico de navegação limpos.
2024-12-03 19:33:02,317 - DEBUG - Using proactor: IocpProactor
2024-12-03 19:33:04,637 - INFO - Navegador Edge aberto com sucesso.
2024-12-03 19:33:16,762 - INFO - Página acessada: https://web.dio.me/articles/programa-em-python-para-automacao-de-pesquisas-no-edge?back=%2Fhome&page=1&order=oldest
2024-12-03 19:33:25,966 - INFO - Cache e histórico de navegação limpos.
2024-12-03 19:33:36,429 - INFO - Página acessada: https://web.dio.me/articles/programa-em-python-para-automacao-de-pesquisas-no-edge?back=%2Fhome&page=1&order=oldest
2024-12-03 19:33:45,636 - INFO - Cache e histórico de navegação limpos.
2024-12-03 19:33:56,103 - INFO - Página acessada: https://web.dio.me/articles/programa-em-python-para-automacao-de-pesquisas-no-edge?back=%2Fhome&page=1&order=oldest
2024-12-03 19:34:05,314 - INFO - Cache e histórico de navegação limpos.
2024-12-03 19:34:15,778 - INFO - Página acessada: https://web.dio.me/articles/programa-em-python-para-automacao-de-pesquisas-no-edge?back=%2Fhome&page=1&order=oldest
2024-12-03 19:34:24,982 - INFO - Cache e histórico de navegação limpos.
2024-12-03 19:34:35,446 - INFO - Página acessada: https://web.dio.me/articles/programa-em-python-para-automacao-de-pesquisas-no-edge?back=%2Fhome&page=1&order=oldest
2024-12-03 19:34:44,652 - INFO - Cache e histórico de navegação limpos.
2024-12-03 19:34:55,117 - INFO - Página acessada: https://web.dio.me/articles/programa-em-python-para-automacao-de-pesquisas-no-edge?back=%2Fhome&page=1&order=oldest
2024-12-03 19:35:04,320 - INFO - Cache e histórico de navegação limpos.
2024-12-03 19:38:59,147 - DEBUG - Using proactor: IocpProactor
2024-12-03 19:39:01,477 - INFO - Navegador Edge aberto com sucesso.
2024-12-03 19:39:14,545 - INFO - Página acessada: https://web.dio.me/articles/programa-em-python-para-automacao-de-pesquisas-no-edge?back=%2Fhome&page=1&order=oldest
2024-12-03 19:39:20,748 - INFO - Cache e histórico de navegação limpos.
2024-12-03 19:39:20,748 - INFO - Automação concluída com sucesso.
2024-12-03 19:40:35,945 - DEBUG - Using proactor: IocpProactor
2024-12-03 19:40:38,268 - INFO - Navegador Edge aberto com sucesso.
2024-12-03 19:40:50,547 - INFO - Página acessada: https://web.dio.me/articles/programa-em-python-para-automacao-de-pesquisas-no-edge?back=%2Fhome&page=1&order=oldest
2024-12-03 19:40:56,766 - INFO - Cache e histórico de navegação limpos.
2024-12-03 19:40:56,766 - INFO - Automação concluída com sucesso.
2024-12-03 19:40:58,987 - INFO - Programa encerrado.
2024-12-03 19:41:22,143 - DEBUG - Using proactor: IocpProactor
2024-12-03 19:41:24,455 - INFO - Navegador Edge aberto com sucesso.
2024-12-03 19:41:38,404 - INFO - Página acessada: https://web.dio.me/articles/programa-em-python-para-automacao-de-pesquisas-no-edge?back=%2Fhome&page=1&order=oldest
2024-12-03 19:41:44,607 - INFO - Cache e histórico de navegação limpos.
2024-12-03 19:41:55,054 - INFO - Página acessada: https://web.dio.me/articles/programa-em-python-para-automacao-de-pesquisas-no-edge?back=%2Fhome&page=1&order=oldest
2024-12-03 19:42:01,257 - INFO - Cache e histórico de navegação limpos.
2024-12-03 19:42:11,705 - INFO - Página acessada: https://web.dio.me/articles/programa-em-python-para-automacao-de-pesquisas-no-edge?back=%2Fhome&page=1&order=oldest
2024-12-03 19:42:17,909 - INFO - Cache e histórico de navegação limpos.
2024-12-03 19:42:28,357 - INFO - Página acessada: https://web.dio.me/articles/programa-em-python-para-automacao-de-pesquisas-no-edge?back=%2Fhome&page=1&order=oldest
2024-12-03 19:44:47,107 - DEBUG - Using proactor: IocpProactor
2024-12-03 19:44:49,425 - INFO - Navegador Edge aberto com sucesso.
2024-12-03 19:45:02,395 - INFO - Página acessada: https://web.dio.me/articles/programa-em-python-para-automacao-de-pesquisas-no-edge?back=%2Fhome&page=1&order=oldest
2024-12-03 19:45:08,598 - INFO - Cache e histórico de navegação limpos.
2024-12-03 19:45:08,598 - INFO - Automação concluída com sucesso.
2024-12-03 19:45:11,053 - INFO - Programa encerrado.
2024-12-03 19:49:25,666 - DEBUG - Using proactor: IocpProactor
2024-12-03 19:49:27,983 - INFO - Navegador Edge aberto com sucesso.
2024-12-03 19:49:40,006 - INFO - Página acessada: https://www.youtube.com/shorts/yRMN-ymQReE
2024-12-03 19:49:46,224 - INFO - Cache e histórico de navegação limpos.
2024-12-03 19:49:56,648 - INFO - Página acessada: https://www.youtube.com/shorts/yRMN-ymQReE
2024-12-03 19:50:02,853 - INFO - Cache e histórico de navegação limpos.
2024-12-03 19:50:13,282 - INFO - Página acessada: https://www.youtube.com/shorts/yRMN-ymQReE
2024-12-03 19:50:19,488 - INFO - Cache e histórico de navegação limpos.
2024-12-03 19:50:51,042 - DEBUG - Using proactor: IocpProactor
2024-12-03 19:50:53,364 - INFO - Navegador Edge aberto com sucesso.
2024-12-03 19:51:05,220 - INFO - Página acessada: https://web.dio.me/articles/programa-em-python-para-automacao-de-pesquisas-no-edge?back=%2Fhome&page=1&order=oldest
2024-12-03 19:51:11,427 - INFO - Cache e histórico de navegação limpos.
2024-12-03 19:51:21,892 - INFO - Página acessada: https://web.dio.me/articles/programa-em-python-para-automacao-de-pesquisas-no-edge?back=%2Fhome&page=1&order=oldest
2024-12-03 19:51:28,095 - INFO - Cache e histórico de navegação limpos.
2024-12-03 19:51:38,546 - INFO - Página acessada: https://web.dio.me/articles/programa-em-python-para-automacao-de-pesquisas-no-edge?back=%2Fhome&page=1&order=oldest
2024-12-03 19:52:38,188 - DEBUG - Using proactor: IocpProactor
2024-12-03 19:52:40,515 - INFO - Navegador Edge aberto com sucesso.
2024-12-03 19:52:52,320 - INFO - Página acessada: https://www.youtube.com/shorts/yRMN-ymQReE
2024-12-03 19:52:58,539 - INFO - Cache e histórico de navegação limpos.
2024-12-03 19:53:08,963 - INFO - Página acessada: https://www.youtube.com/shorts/yRMN-ymQReE
2024-12-03 19:53:15,173 - INFO - Cache e histórico de navegação limpos.
2024-12-03 19:53:25,596 - INFO - Página acessada: https://www.youtube.com/shorts/yRMN-ymQReE
2024-12-03 19:53:31,808 - INFO - Cache e histórico de navegação limpos.
2024-12-03 19:53:42,229 - INFO - Página acessada: https://www.youtube.com/shorts/yRMN-ymQReE
2024-12-03 19:53:48,435 - INFO - Cache e histórico de navegação limpos.
2024-12-03 19:53:58,855 - INFO - Página acessada: https://www.youtube.com/shorts/yRMN-ymQReE
2024-12-03 19:54:05,072 - INFO - Cache e histórico de navegação limpos.
2024-12-03 19:57:51,831 - DEBUG - Using proactor: IocpProactor
2024-12-03 19:57:54,151 - INFO - Navegador Chrome aberto com sucesso.
2024-12-03 19:58:06,810 - INFO - Página acessada: https://www.youtube.com/shorts/yRMN-ymQReE
2024-12-03 19:58:13,026 - INFO - Cache e histórico de navegação limpos.
2024-12-03 19:58:23,450 - INFO - Página acessada: https://www.youtube.com/shorts/yRMN-ymQReE
2024-12-03 19:58:29,669 - INFO - Cache e histórico de navegação limpos.
2024-12-03 19:58:40,093 - INFO - Página acessada: https://www.youtube.com/shorts/yRMN-ymQReE
2024-12-03 19:58:46,296 - INFO - Cache e histórico de navegação limpos.
2024-12-03 19:58:56,720 - INFO - Página acessada: https://www.youtube.com/shorts/yRMN-ymQReE
2024-12-03 19:59:02,923 - INFO - Cache e histórico de navegação limpos.
2024-12-03 19:59:13,347 - INFO - Página acessada: https://www.youtube.com/shorts/yRMN-ymQReE
2024-12-03 19:59:19,550 - INFO - Cache e histórico de navegação limpos.
2024-12-03 19:59:29,973 - INFO - Página acessada: https://www.youtube.com/shorts/yRMN-ymQReE
2024-12-03 19:59:36,176 - INFO - Cache e histórico de navegação limpos.
2024-12-03 19:59:46,600 - INFO - Página acessada: https://www.youtube.com/shorts/yRMN-ymQReE
2024-12-03 19:59:52,804 - INFO - Cache e histórico de navegação limpos.
2024-12-03 20:00:03,228 - INFO - Página acessada: https://www.youtube.com/shorts/yRMN-ymQReE
2024-12-03 20:00:09,430 - INFO - Cache e histórico de navegação limpos.
2024-12-03 20:00:19,855 - INFO - Página acessada: https://www.youtube.com/shorts/yRMN-ymQReE
2024-12-03 20:00:26,058 - INFO - Cache e histórico de navegação limpos.
2024-12-03 20:00:36,482 - INFO - Página acessada: https://www.youtube.com/shorts/yRMN-ymQReE
2024-12-03 20:00:42,685 - INFO - Cache e histórico de navegação limpos.
2024-12-03 20:00:42,685 - INFO - Automação concluída com sucesso.
2024-12-03 20:00:45,823 - INFO - Programa encerrado.
2024-12-03 20:01:40,498 - DEBUG - Using proactor: IocpProactor
2024-12-03 20:01:42,825 - INFO - Navegador Chrome aberto com sucesso.
2024-12-03 20:01:54,661 - INFO - Página acessada: https://www.youtube.com/shorts/yRMN-ymQReE
2024-12-03 20:02:00,864 - INFO - Cache e histórico de navegação limpos.
2024-12-03 20:02:11,288 - INFO - Página acessada: https://www.youtube.com/shorts/yRMN-ymQReE
2024-12-03 20:02:17,492 - INFO - Cache e histórico de navegação limpos.
2024-12-03 20:02:27,916 - INFO - Página acessada: https://www.youtube.com/shorts/yRMN-ymQReE
2024-12-03 20:02:34,119 - INFO - Cache e histórico de navegação limpos.
2024-12-03 20:02:44,543 - INFO - Página acessada: https://www.youtube.com/shorts/yRMN-ymQReE
2024-12-03 20:02:50,747 - INFO - Cache e histórico de navegação limpos.
2024-12-03 20:03:01,171 - INFO - Página acessada: https://www.youtube.com/shorts/yRMN-ymQReE
2024-12-03 20:03:07,389 - INFO - Cache e histórico de navegação limpos.
2024-12-03 20:03:17,814 - INFO - Página acessada: https://www.youtube.com/shorts/yRMN-ymQReE
2024-12-03 20:03:24,017 - INFO - Cache e histórico de navegação limpos.
2024-12-03 20:03:34,442 - INFO - Página acessada: https://www.youtube.com/shorts/yRMN-ymQReE
2024-12-03 20:03:40,644 - INFO - Cache e histórico de navegação limpos.
2024-12-03 20:03:51,068 - INFO - Página acessada: https://www.youtube.com/shorts/yRMN-ymQReE
2024-12-03 20:03:57,271 - INFO - Cache e histórico de navegação limpos.
2024-12-03 20:04:07,694 - INFO - Página acessada: https://www.youtube.com/shorts/yRMN-ymQReE
2024-12-03 20:04:13,897 - INFO - Cache e histórico de navegação limpos.
2024-12-03 20:04:24,320 - INFO - Página acessada: https://www.youtube.com/shorts/yRMN-ymQReE
2024-12-03 20:04:30,523 - INFO - Cache e histórico de navegação limpos.
2024-12-03 20:04:40,947 - INFO - Página acessada: https://www.youtube.com/shorts/yRMN-ymQReE
2024-12-03 20:04:47,151 - INFO - Cache e histórico de navegação limpos.
2024-12-03 20:04:57,575 - INFO - Página acessada: https://www.youtube.com/shorts/yRMN-ymQReE
2024-12-03 20:05:03,777 - INFO - Cache e histórico de navegação limpos.
2024-12-03 20:05:14,202 - INFO - Página acessada: https://www.youtube.com/shorts/yRMN-ymQReE
2024-12-03 20:05:20,404 - INFO - Cache e histórico de navegação limpos.
2024-12-03 20:05:30,829 - INFO - Página acessada: https://www.youtube.com/shorts/yRMN-ymQReE
2024-12-03 20:05:37,032 - INFO - Cache e histórico de navegação limpos.
2024-12-03 20:05:47,456 - INFO - Página acessada: https://www.youtube.com/shorts/yRMN-ymQReE
2024-12-03 20:05:53,673 - INFO - Cache e histórico de navegação limpos.
2024-12-03 20:06:04,098 - INFO - Página acessada: https://www.youtube.com/shorts/yRMN-ymQReE
2024-12-03 20:06:10,300 - INFO - Cache e histórico de navegação limpos.
2024-12-03 20:06:20,725 - INFO - Página acessada: https://www.youtube.com/shorts/yRMN-ymQReE
2024-12-03 20:06:26,928 - INFO - Cache e histórico de navegação limpos.
2024-12-03 20:06:37,351 - INFO - Página acessada: https://www.youtube.com/shorts/yRMN-ymQReE
2024-12-03 20:06:43,555 - INFO - Cache e histórico de navegação limpos.
2024-12-03 20:06:53,979 - INFO - Página acessada: https://www.youtube.com/shorts/yRMN-ymQReE
2024-12-03 20:07:00,183 - INFO - Cache e histórico de navegação limpos.
2024-12-03 20:07:10,607 - INFO - Página acessada: https://www.youtube.com/shorts/yRMN-ymQReE
2024-12-03 20:07:16,810 - INFO - Cache e histórico de navegação limpos.
2024-12-03 20:07:27,234 - INFO - Página acessada: https://www.youtube.com/shorts/yRMN-ymQReE
2024-12-03 20:07:33,437 - INFO - Cache e histórico de navegação limpos.
2024-12-03 20:07:43,861 - INFO - Página acessada: https://www.youtube.com/shorts/yRMN-ymQReE
2024-12-03 20:07:50,063 - INFO - Cache e histórico de navegação limpos.
2024-12-03 20:08:00,487 - INFO - Página acessada: https://www.youtube.com/shorts/yRMN-ymQReE
2024-12-03 20:08:06,694 - INFO - Cache e histórico de navegação limpos.
2024-12-03 20:08:17,118 - INFO - Página acessada: https://www.youtube.com/shorts/yRMN-ymQReE
2024-12-03 20:08:23,322 - INFO - Cache e histórico de navegação limpos.
2024-12-03 20:08:33,746 - INFO - Página acessada: https://www.youtube.com/shorts/yRMN-ymQReE
2024-12-03 20:08:39,949 - INFO - Cache e histórico de navegação limpos.
2024-12-03 20:08:50,372 - INFO - Página acessada: https://www.youtube.com/shorts/yRMN-ymQReE
2024-12-03 20:08:56,575 - INFO - Cache e histórico de navegação limpos.
2024-12-03 20:09:06,999 - INFO - Página acessada: https://www.youtube.com/shorts/yRMN-ymQReE
2024-12-03 20:09:13,202 - INFO - Cache e histórico de navegação limpos.
2024-12-03 20:09:23,626 - INFO - Página acessada: https://www.youtube.com/shorts/yRMN-ymQReE
2024-12-03 20:09:29,829 - INFO - Cache e histórico de navegação limpos.
2024-12-03 20:09:40,253 - INFO - Página acessada: https://www.youtube.com/shorts/yRMN-ymQReE
2024-12-03 20:09:46,456 - INFO - Cache e histórico de navegação limpos.
2024-12-03 20:09:56,879 - INFO - Página acessada: https://www.youtube.com/shorts/yRMN-ymQReE
2024-12-03 20:10:03,082 - INFO - Cache e histórico de navegação limpos.
2024-12-03 20:10:13,506 - INFO - Página acessada: https://www.youtube.com/shorts/yRMN-ymQReE
2024-12-03 20:10:19,708 - INFO - Cache e histórico de navegação limpos.
2024-12-03 20:10:30,132 - INFO - Página acessada: https://www.youtube.com/shorts/yRMN-ymQReE
2024-12-03 20:10:36,335 - INFO - Cache e histórico de navegação limpos.
2024-12-03 20:10:46,760 - INFO - Página acessada: https://www.youtube.com/shorts/yRMN-ymQReE
2024-12-03 20:10:52,962 - INFO - Cache e histórico de navegação limpos.
2024-12-03 20:11:03,386 - INFO - Página acessada: https://www.youtube.com/shorts/yRMN-ymQReE
2024-12-03 20:11:09,589 - INFO - Cache e histórico de navegação limpos.
2024-12-03 20:11:20,014 - INFO - Página acessada: https://www.youtube.com/shorts/yRMN-ymQReE
2024-12-03 20:11:26,217 - INFO - Cache e histórico de navegação limpos.
2024-12-03 20:11:36,641 - INFO - Página acessada: https://www.youtube.com/shorts/yRMN-ymQReE
2024-12-03 20:11:42,844 - INFO - Cache e histórico de navegação limpos.
2024-12-03 20:11:53,269 - INFO - Página acessada: https://www.youtube.com/shorts/yRMN-ymQReE
2024-12-03 20:11:59,471 - INFO - Cache e histórico de navegação limpos.
2024-12-03 20:12:09,896 - INFO - Página acessada: https://www.youtube.com/shorts/yRMN-ymQReE
2024-12-03 20:12:16,098 - INFO - Cache e histórico de navegação limpos.
2024-12-03 20:12:26,522 - INFO - Página acessada: https://www.youtube.com/shorts/yRMN-ymQReE
2024-12-03 20:12:32,725 - INFO - Cache e histórico de navegação limpos.
2024-12-03 20:12:43,150 - INFO - Página acessada: https://www.youtube.com/shorts/yRMN-ymQReE
2024-12-03 20:12:49,353 - INFO - Cache e histórico de navegação limpos.
2024-12-03 20:12:59,777 - INFO - Página acessada: https://www.youtube.com/shorts/yRMN-ymQReE
2024-12-03 20:13:05,988 - INFO - Cache e histórico de navegação limpos.
2024-12-03 20:13:16,412 - INFO - Página acessada: https://www.youtube.com/shorts/yRMN-ymQReE
2024-12-03 20:13:22,627 - INFO - Cache e histórico de navegação limpos.
2024-12-03 20:13:33,051 - INFO - Página acessada: https://www.youtube.com/shorts/yRMN-ymQReE
2024-12-03 20:13:39,255 - INFO - Cache e histórico de navegação limpos.
2024-12-03 20:13:49,678 - INFO - Página acessada: https://www.youtube.com/shorts/yRMN-ymQReE
2024-12-03 20:13:55,881 - INFO - Cache e histórico de navegação limpos.
2024-12-03 20:14:06,304 - INFO - Página acessada: https://www.youtube.com/shorts/yRMN-ymQReE
2024-12-03 20:14:12,508 - INFO - Cache e histórico de navegação limpos.
2024-12-03 20:14:22,931 - INFO - Página acessada: https://www.youtube.com/shorts/yRMN-ymQReE
2024-12-03 20:14:29,134 - INFO - Cache e histórico de navegação limpos.
2024-12-03 20:14:39,558 - INFO - Página acessada: https://www.youtube.com/shorts/yRMN-ymQReE
2024-12-03 20:14:45,761 - INFO - Cache e histórico de navegação limpos.
2024-12-03 20:14:56,185 - INFO - Página acessada: https://www.youtube.com/shorts/yRMN-ymQReE
2024-12-03 20:15:02,388 - INFO - Cache e histórico de navegação limpos.
2024-12-03 20:15:12,812 - INFO - Página acessada: https://www.youtube.com/shorts/yRMN-ymQReE
2024-12-03 20:15:19,015 - INFO - Cache e histórico de navegação limpos.
2024-12-03 20:15:29,438 - INFO - Página acessada: https://www.youtube.com/shorts/yRMN-ymQReE
2024-12-03 20:15:35,641 - INFO - Cache e histórico de navegação limpos.
2024-12-03 20:15:46,064 - INFO - Página acessada: https://www.youtube.com/shorts/yRMN-ymQReE
2024-12-03 20:15:52,268 - INFO - Cache e histórico de navegação limpos.
2024-12-03 20:16:02,691 - INFO - Página acessada: https://www.youtube.com/shorts/yRMN-ymQReE
2024-12-03 20:16:08,895 - INFO - Cache e histórico de navegação limpos.
2024-12-03 20:16:19,318 - INFO - Página acessada: https://www.youtube.com/shorts/yRMN-ymQReE
2024-12-03 20:16:25,521 - INFO - Cache e histórico de navegação limpos.
2024-12-03 20:16:35,946 - INFO - Página acessada: https://www.youtube.com/shorts/yRMN-ymQReE
2024-12-03 20:16:42,148 - INFO - Cache e histórico de navegação limpos.
2024-12-03 20:16:52,573 - INFO - Página acessada: https://www.youtube.com/shorts/yRMN-ymQReE
2024-12-03 20:16:58,776 - INFO - Cache e histórico de navegação limpos.
2024-12-03 20:17:09,200 - INFO - Página acessada: https://www.youtube.com/shorts/yRMN-ymQReE
2024-12-03 20:17:15,403 - INFO - Cache e histórico de navegação limpos.
2024-12-03 20:17:25,827 - INFO - Página acessada: https://www.youtube.com/shorts/yRMN-ymQReE
2024-12-03 20:17:32,030 - INFO - Cache e histórico de navegação limpos.
2024-12-03 20:17:42,454 - INFO - Página acessada: https://www.youtube.com/shorts/yRMN-ymQReE
2024-12-03 20:17:48,658 - INFO - Cache e histórico de navegação limpos.
2024-12-03 20:17:59,081 - INFO - Página acessada: https://www.youtube.com/shorts/yRMN-ymQReE
2024-12-03 20:18:05,284 - INFO - Cache e histórico de navegação limpos.
2024-12-03 20:18:15,708 - INFO - Página acessada: https://www.youtube.com/shorts/yRMN-ymQReE
2024-12-03 20:18:21,912 - INFO - Cache e histórico de navegação limpos.
2024-12-03 20:18:32,336 - INFO - Página acessada: https://www.youtube.com/shorts/yRMN-ymQReE
2024-12-03 20:18:38,538 - INFO - Cache e histórico de navegação limpos.
2024-12-03 20:18:48,962 - INFO - Página acessada: https://www.youtube.com/shorts/yRMN-ymQReE
2024-12-03 20:18:55,165 - INFO - Cache e histórico de navegação limpos.
2024-12-03 20:19:05,589 - INFO - Página acessada: https://www.youtube.com/shorts/yRMN-ymQReE
2024-12-03 20:19:11,792 - INFO - Cache e histórico de navegação limpos.
2024-12-03 20:19:22,216 - INFO - Página acessada: https://www.youtube.com/shorts/yRMN-ymQReE
2024-12-03 20:19:28,420 - INFO - Cache e histórico de navegação limpos.
2024-12-03 20:19:38,843 - INFO - Página acessada: https://www.youtube.com/shorts/yRMN-ymQReE
2024-12-03 20:19:45,046 - INFO - Cache e histórico de navegação limpos.
2024-12-03 20:19:55,469 - INFO - Página acessada: https://www.youtube.com/shorts/yRMN-ymQReE
2024-12-03 20:20:01,674 - INFO - Cache e histórico de navegação limpos.
2024-12-03 20:20:12,098 - INFO - Página acessada: https://www.youtube.com/shorts/yRMN-ymQReE
2024-12-03 20:20:18,300 - INFO - Cache e histórico de navegação limpos.
2024-12-03 20:20:28,725 - INFO - Página acessada: https://www.youtube.com/shorts/yRMN-ymQReE
2024-12-03 20:20:34,928 - INFO - Cache e histórico de navegação limpos.
2024-12-03 20:20:45,352 - INFO - Página acessada: https://www.youtube.com/shorts/yRMN-ymQReE
2024-12-03 20:20:51,556 - INFO - Cache e histórico de navegação limpos.
2024-12-03 20:21:01,979 - INFO - Página acessada: https://www.youtube.com/shorts/yRMN-ymQReE
2024-12-03 20:21:08,182 - INFO - Cache e histórico de navegação limpos.
2024-12-03 20:21:18,607 - INFO - Página acessada: https://www.youtube.com/shorts/yRMN-ymQReE
2024-12-03 20:21:24,809 - INFO - Cache e histórico de navegação limpos.
2024-12-03 20:21:35,234 - INFO - Página acessada: https://www.youtube.com/shorts/yRMN-ymQReE
2024-12-03 20:21:41,436 - INFO - Cache e histórico de navegação limpos.
2024-12-03 20:21:51,860 - INFO - Página acessada: https://www.youtube.com/shorts/yRMN-ymQReE
2024-12-03 20:21:58,063 - INFO - Cache e histórico de navegação limpos.
2024-12-03 20:22:08,487 - INFO - Página acessada: https://www.youtube.com/shorts/yRMN-ymQReE
2024-12-03 20:22:14,690 - INFO - Cache e histórico de navegação limpos.
2024-12-03 20:22:25,115 - INFO - Página acessada: https://www.youtube.com/shorts/yRMN-ymQReE
2024-12-03 20:22:31,317 - INFO - Cache e histórico de navegação limpos.
2024-12-03 20:22:41,742 - INFO - Página acessada: https://www.youtube.com/shorts/yRMN-ymQReE
2024-12-03 20:22:47,945 - INFO - Cache e histórico de navegação limpos.
2024-12-03 20:22:58,368 - INFO - Página acessada: https://www.youtube.com/shorts/yRMN-ymQReE
2024-12-03 20:23:04,582 - INFO - Cache e histórico de navegação limpos.
2024-12-03 20:23:15,008 - INFO - Página acessada: https://www.youtube.com/shorts/yRMN-ymQReE
2024-12-03 20:23:21,226 - INFO - Cache e histórico de navegação limpos.
2024-12-03 20:23:31,650 - INFO - Página acessada: https://www.youtube.com/shorts/yRMN-ymQReE
2024-12-03 20:23:37,853 - INFO - Cache e histórico de navegação limpos.
2024-12-03 20:23:48,277 - INFO - Página acessada: https://www.youtube.com/shorts/yRMN-ymQReE
2024-12-03 20:23:54,488 - INFO - Cache e histórico de navegação limpos.
2024-12-03 20:24:04,911 - INFO - Página acessada: https://www.youtube.com/shorts/yRMN-ymQReE
2024-12-03 20:24:11,118 - INFO - Cache e histórico de navegação limpos.
2024-12-03 20:24:21,541 - INFO - Página acessada: https://www.youtube.com/shorts/yRMN-ymQReE
2024-12-03 20:24:27,745 - INFO - Cache e histórico de navegação limpos.
2024-12-03 20:24:38,168 - INFO - Página acessada: https://www.youtube.com/shorts/yRMN-ymQReE
2024-12-03 20:24:44,371 - INFO - Cache e histórico de navegação limpos.
2024-12-03 20:24:54,795 - INFO - Página acessada: https://www.youtube.com/shorts/yRMN-ymQReE
2024-12-03 20:25:00,998 - INFO - Cache e histórico de navegação limpos.
2024-12-03 20:25:11,422 - INFO - Página acessada: https://www.youtube.com/shorts/yRMN-ymQReE
2024-12-03 20:25:17,639 - INFO - Cache e histórico de navegação limpos.
2024-12-03 20:25:28,063 - INFO - Página acessada: https://www.youtube.com/shorts/yRMN-ymQReE
2024-12-03 20:25:34,280 - INFO - Cache e histórico de navegação limpos.
2024-12-03 20:25:44,704 - INFO - Página acessada: https://www.youtube.com/shorts/yRMN-ymQReE
2024-12-03 20:25:50,906 - INFO - Cache e histórico de navegação limpos.
2024-12-03 20:26:01,330 - INFO - Página acessada: https://www.youtube.com/shorts/yRMN-ymQReE
2024-12-03 20:26:07,533 - INFO - Cache e histórico de navegação limpos.
2024-12-03 20:26:17,956 - INFO - Página acessada: https://www.youtube.com/shorts/yRMN-ymQReE
2024-12-03 20:26:24,158 - INFO - Cache e histórico de navegação limpos.
2024-12-03 20:26:34,582 - INFO - Página acessada: https://www.youtube.com/shorts/yRMN-ymQReE
2024-12-03 20:26:40,793 - INFO - Cache e histórico de navegação limpos.
2024-12-03 20:26:51,217 - INFO - Página acessada: https://www.youtube.com/shorts/yRMN-ymQReE
2024-12-03 20:26:57,426 - INFO - Cache e histórico de navegação limpos.
2024-12-03 20:27:07,851 - INFO - Página acessada: https://www.youtube.com/shorts/yRMN-ymQReE
2024-12-03 20:27:14,054 - INFO - Cache e histórico de navegação limpos.
2024-12-03 20:27:24,478 - INFO - Página acessada: https://www.youtube.com/shorts/yRMN-ymQReE
2024-12-03 20:27:30,682 - INFO - Cache e histórico de navegação limpos.
2024-12-03 20:27:41,105 - INFO - Página acessada: https://www.youtube.com/shorts/yRMN-ymQReE
2024-12-03 20:27:47,308 - INFO - Cache e histórico de navegação limpos.
2024-12-03 20:27:57,732 - INFO - Página acessada: https://www.youtube.com/shorts/yRMN-ymQReE
2024-12-03 20:28:03,935 - INFO - Cache e histórico de navegação limpos.
2024-12-03 20:28:14,360 - INFO - Página acessada: https://www.youtube.com/shorts/yRMN-ymQReE
2024-12-03 20:28:20,562 - INFO - Cache e histórico de navegação limpos.
2024-12-03 20:28:30,987 - INFO - Página acessada: https://www.youtube.com/shorts/yRMN-ymQReE
2024-12-03 20:28:37,190 - INFO - Cache e histórico de navegação limpos.
2024-12-03 20:28:47,614 - INFO - Página acessada: https://www.youtube.com/shorts/yRMN-ymQReE
2024-12-03 20:28:53,817 - INFO - Cache e histórico de navegação limpos.
2024-12-03 20:29:04,241 - INFO - Página acessada: https://www.youtube.com/shorts/yRMN-ymQReE
2024-12-03 20:29:10,444 - INFO - Cache e histórico de navegação limpos.
2024-12-03 20:29:20,868 - INFO - Página acessada: https://www.youtube.com/shorts/yRMN-ymQReE
2024-12-03 20:29:27,082 - INFO - Cache e histórico de navegação limpos.
2024-12-03 20:29:27,082 - INFO - Automação concluída com sucesso.
2024-12-03 20:42:27,764 - INFO - Programa encerrado.
