2024-09-24 08:14:43,963 - INFO - Conectividade com a internet verificada.
2024-09-24 08:14:47,468 - INFO - Navegador Edge aberto com sucesso.
2024-09-24 08:14:51,481 - INFO - Pesquisa realizada: O que é sociologia?
2024-09-24 08:14:55,501 - INFO - Pesquisa realizada: Quais são as últimas novidades em sociologia?
2024-09-24 08:14:59,516 - INFO - Pesquisa realizada: Como sociologia impacta a sociedade?
2024-09-24 08:15:03,534 - INFO - Pesquisa realizada: Quais são os principais desafios em sociologia?
2024-09-24 08:15:07,552 - INFO - Pesquisa realizada: Quem são os principais especialistas em sociologia?
2024-09-24 08:15:11,563 - INFO - Pesquisa realizada: O que é economia?
2024-09-24 08:15:15,584 - INFO - Pesquisa realizada: Quais são as últimas novidades em economia?
2024-09-24 08:15:19,601 - INFO - Pesquisa realizada: Como economia impacta a sociedade?
2024-09-24 08:15:23,617 - INFO - Pesquisa realizada: Quais são os principais desafios em economia?
2024-09-24 08:15:27,635 - INFO - Pesquisa realizada: Quem são os principais especialistas em economia?
2024-09-24 08:15:32,638 - INFO - Dados de navegação e cookies limpos com sucesso.
2024-09-24 08:15:33,139 - INFO - Navegador fechado com sucesso.
2024-09-24 08:17:47,346 - INFO - Conectividade com a internet verificada.
2024-09-24 08:17:50,850 - INFO - Navegador Edge aberto com sucesso.
2024-09-24 08:17:54,863 - INFO - Pesquisa realizada: O que é gastronomia?
2024-09-24 08:17:58,880 - INFO - Pesquisa realizada: Quais são as últimas novidades em gastronomia?
2024-09-24 08:18:02,895 - INFO - Pesquisa realizada: Como gastronomia impacta a sociedade?
2024-09-24 08:18:06,913 - INFO - Pesquisa realizada: Quais são os principais desafios em gastronomia?
2024-09-24 08:18:10,932 - INFO - Pesquisa realizada: Quem são os principais especialistas em gastronomia?
2024-09-24 08:18:14,947 - INFO - Pesquisa realizada: O que é moda?
2024-09-24 08:18:18,965 - INFO - Pesquisa realizada: Quais são as últimas novidades em moda?
2024-09-24 08:18:22,979 - INFO - Pesquisa realizada: Como moda impacta a sociedade?
2024-09-24 08:18:26,996 - INFO - Pesquisa realizada: Quais são os principais desafios em moda?
2024-09-24 08:18:31,012 - INFO - Pesquisa realizada: Quem são os principais especialistas em moda?
2024-09-24 08:18:39,627 - INFO - Navegador fechado com sucesso.
2024-09-24 08:24:55,709 - INFO - Conectividade com a internet verificada.
2024-09-24 08:24:59,215 - INFO - Navegador Edge aberto com sucesso.
2024-09-24 08:25:03,226 - INFO - Pesquisa realizada: O que é biologia?
2024-09-24 08:25:07,243 - INFO - Pesquisa realizada: Quais são as últimas novidades em biologia?
2024-09-24 08:25:11,259 - INFO - Pesquisa realizada: Como biologia impacta a sociedade?
2024-09-24 08:25:15,277 - INFO - Pesquisa realizada: Quais são os principais desafios em biologia?
2024-09-24 08:25:19,296 - INFO - Pesquisa realizada: Quem são os principais especialistas em biologia?
2024-09-24 08:25:23,307 - INFO - Pesquisa realizada: O que é arquitetura?
2024-09-24 08:25:27,325 - INFO - Pesquisa realizada: Quais são as últimas novidades em arquitetura?
2024-09-24 08:25:31,341 - INFO - Pesquisa realizada: Como arquitetura impacta a sociedade?
2024-09-24 08:25:35,362 - INFO - Pesquisa realizada: Quais são os principais desafios em arquitetura?
2024-09-24 08:25:39,383 - INFO - Pesquisa realizada: Quem são os principais especialistas em arquitetura?
2024-09-24 08:25:44,387 - INFO - Dados de navegação e cookies limpos com sucesso.
2024-09-24 08:25:44,888 - INFO - Navegador fechado com sucesso.
2024-09-24 08:27:31,058 - INFO - Conectividade com a internet verificada.
2024-09-24 08:27:34,563 - INFO - Navegador Edge aberto com sucesso.
2024-09-24 08:27:38,577 - INFO - Pesquisa realizada: O que é tecnologia?
2024-09-24 08:27:42,597 - INFO - Pesquisa realizada: Quais são as últimas novidades em tecnologia?
2024-09-24 08:27:46,644 - INFO - Pesquisa realizada: Como tecnologia impacta a sociedade?
2024-09-24 08:27:50,674 - INFO - Pesquisa realizada: Quais são os principais desafios em tecnologia?
2024-09-24 08:27:54,705 - INFO - Pesquisa realizada: Quem são os principais especialistas em tecnologia?
2024-09-24 08:27:58,721 - INFO - Pesquisa realizada: O que é gastronomia?
2024-09-24 08:28:02,750 - INFO - Pesquisa realizada: Quais são as últimas novidades em gastronomia?
2024-09-24 08:28:06,779 - INFO - Pesquisa realizada: Como gastronomia impacta a sociedade?
2024-09-24 08:28:10,812 - INFO - Pesquisa realizada: Quais são os principais desafios em gastronomia?
2024-09-24 08:28:14,840 - INFO - Pesquisa realizada: Quem são os principais especialistas em gastronomia?
2024-09-24 08:28:24,693 - INFO - Navegador fechado com sucesso.
